0 info it worked if it ends with ok
1 verbose cli [ '/usr/bin/node',
1 verbose cli   '/usr/bin/npm',
1 verbose cli   'view',
1 verbose cli   '--json',
1 verbose cli   'express-mongo-sanitize',
1 verbose cli   'description',
1 verbose cli   'dist-tags.latest',
1 verbose cli   'homepage',
1 verbose cli   'version' ]
2 info using npm@3.5.2
3 info using node@v8.10.0
4 silly mapToRegistry name express-mongo-sanitize
5 silly mapToRegistry using default registry
6 silly mapToRegistry registry https://registry.npmjs.org/
7 silly mapToRegistry uri https://registry.npmjs.org/express-mongo-sanitize
8 verbose request uri https://registry.npmjs.org/express-mongo-sanitize
9 verbose request no auth needed
10 info attempt registry request try #1 at 4:39:05 AM
11 verbose request id b58dd5501ed123a5
12 verbose etag W/"778c1b7ae5c9e6b9d150564760dd42eb"
13 verbose lastModified Thu, 07 Jan 2021 10:58:48 GMT
14 http request GET https://registry.npmjs.org/express-mongo-sanitize
15 http 304 https://registry.npmjs.org/express-mongo-sanitize
16 verbose headers { date: 'Sat, 08 May 2021 23:09:06 GMT',
16 verbose headers   connection: 'keep-alive',
16 verbose headers   'set-cookie':
16 verbose headers    [ '__cfduid=d9552d7e1257e43e7254b0cccf37a86561620515345; expires=Mon, 07-Jun-21 23:09:05 GMT; path=/; domain=.npmjs.org; HttpOnly; SameSite=Lax' ],
16 verbose headers   'cf-ray': '64c65a8f8acb2e8e-BOM',
16 verbose headers   'cache-control': 'public, max-age=300',
16 verbose headers   etag: '"778c1b7ae5c9e6b9d150564760dd42eb"',
16 verbose headers   'last-modified': 'Thu, 07 Jan 2021 10:58:48 GMT',
16 verbose headers   vary: 'Accept-Encoding',
16 verbose headers   'cf-cache-status': 'REVALIDATED',
16 verbose headers   'cf-request-id': '09efd6edb400002e8ee1b35000000001',
16 verbose headers   'expect-ct': 'max-age=604800, report-uri="https://report-uri.cloudflare.com/cdn-cgi/beacon/expect-ct"',
16 verbose headers   server: 'cloudflare' }
17 silly get cb [ 304,
17 silly get   { date: 'Sat, 08 May 2021 23:09:06 GMT',
17 silly get     connection: 'keep-alive',
17 silly get     'set-cookie':
17 silly get      [ '__cfduid=d9552d7e1257e43e7254b0cccf37a86561620515345; expires=Mon, 07-Jun-21 23:09:05 GMT; path=/; domain=.npmjs.org; HttpOnly; SameSite=Lax' ],
17 silly get     'cf-ray': '64c65a8f8acb2e8e-BOM',
17 silly get     'cache-control': 'public, max-age=300',
17 silly get     etag: '"778c1b7ae5c9e6b9d150564760dd42eb"',
17 silly get     'last-modified': 'Thu, 07 Jan 2021 10:58:48 GMT',
17 silly get     vary: 'Accept-Encoding',
17 silly get     'cf-cache-status': 'REVALIDATED',
17 silly get     'cf-request-id': '09efd6edb400002e8ee1b35000000001',
17 silly get     'expect-ct': 'max-age=604800, report-uri="https://report-uri.cloudflare.com/cdn-cgi/beacon/expect-ct"',
17 silly get     server: 'cloudflare' } ]
18 verbose etag https://registry.npmjs.org/express-mongo-sanitize from cache
19 verbose get saving express-mongo-sanitize to /home/abhishek/.npm/registry.npmjs.org/express-mongo-sanitize/.cache.json
20 verbose exit [ 0, true ]
21 verbose stack Error: write EPIPE
21 verbose stack     at _errnoException (util.js:1022:11)
21 verbose stack     at WriteWrap.afterWrite [as oncomplete] (net.js:880:14)
22 verbose cwd /home/abhishek/internship/valuers_connect/valuers-connect
23 error Linux 5.4.0-72-generic
24 error argv "/usr/bin/node" "/usr/bin/npm" "view" "--json" "express-mongo-sanitize" "description" "dist-tags.latest" "homepage" "version"
25 error node v8.10.0
26 error npm  v3.5.2
27 error code EPIPE
28 error errno EPIPE
29 error syscall write
30 error write EPIPE
31 error If you need help, you may report this error at:
31 error     <https://github.com/npm/npm/issues>
32 verbose exit [ 1, true ]
